

*******************************************************************************
Tue Feb 04 11:04:09 2020


FIT:    data read from "data6.dat" using 1:2
        format = x:z
        x range restricted to [300.000 : 370.000]
        #datapoints = 13
        residuals are weighted equally (unit weight)

function used for fitting: f(x)
	f(x) = a * exp(b*x)
fitted parameters initialized with current variable values

iter      chisq       delta/lim  lambda   a             b            
   0 1.6990373567e+32   0.00e+00  9.52e+16    1.000000e+00   1.000000e-01
  10 2.0826978644e+03  -9.26e-03  9.52e+06    1.326177e-12   8.646213e-02

After 10 iterations the fit converged.
final sum of squares of residuals : 2082.7
rel. change during last iteration : -9.26166e-08

degrees of freedom    (FIT_NDF)                        : 11
rms of residuals      (FIT_STDFIT) = sqrt(WSSR/ndf)    : 13.7599
variance of residuals (reduced chisquare) = WSSR/ndf   : 189.336

Final set of parameters            Asymptotic Standard Error
=======================            ==========================
a               = 1.32618e-12      +/- 9.849e-12    (742.7%)
b               = 0.0864621        +/- 0.02003      (23.16%)

correlation matrix of the fit parameters:
                a      b      
a               1.000 
b              -1.000  1.000 


*******************************************************************************
Tue Feb 04 11:04:23 2020


FIT:    data read from "data6.dat" using 1:2
        format = x:z
        x range restricted to [300.000 : 370.000]
        #datapoints = 13
        residuals are weighted equally (unit weight)

function used for fitting: f(x)
	f(x) = a * exp(b*x)
fitted parameters initialized with current variable values

iter      chisq       delta/lim  lambda   a             b            
   0 3.4189895270e+03   0.00e+00  7.84e+01    1.000000e+00   1.000000e-02
 138 1.9753481066e+01  -1.65e-03  7.84e-04    2.009644e-05   4.106364e-02

After 138 iterations the fit converged.
final sum of squares of residuals : 19.7535
rel. change during last iteration : -1.65116e-08

degrees of freedom    (FIT_NDF)                        : 11
rms of residuals      (FIT_STDFIT) = sqrt(WSSR/ndf)    : 1.34006
variance of residuals (reduced chisquare) = WSSR/ndf   : 1.79577

Final set of parameters            Asymptotic Standard Error
=======================            ==========================
a               = 2.00964e-05      +/- 6.615e-06    (32.92%)
b               = 0.0410636        +/- 0.000909     (2.214%)

correlation matrix of the fit parameters:
                a      b      
a               1.000 
b              -1.000  1.000 


*******************************************************************************
Tue Feb 04 11:04:50 2020


FIT:    data read from "data6.dat" using 1:2
        format = x:z
        x range restricted to [300.000 : 370.000]
        #datapoints = 13
        residuals are weighted equally (unit weight)

function used for fitting: f(x)
	f(x) = a * exp(b*x)
fitted parameters initialized with current variable values

iter      chisq       delta/lim  lambda   a             b            
   0 1.6159135970e+04   0.00e+00  1.05e+00    1.000000e+00   1.000000e-03
 220 1.9753481062e+01  -4.56e-03  1.05e-04    2.009642e-05   4.106364e-02

After 220 iterations the fit converged.
final sum of squares of residuals : 19.7535
rel. change during last iteration : -4.555e-08

degrees of freedom    (FIT_NDF)                        : 11
rms of residuals      (FIT_STDFIT) = sqrt(WSSR/ndf)    : 1.34006
variance of residuals (reduced chisquare) = WSSR/ndf   : 1.79577

Final set of parameters            Asymptotic Standard Error
=======================            ==========================
a               = 2.00964e-05      +/- 6.615e-06    (32.92%)
b               = 0.0410636        +/- 0.000909     (2.214%)

correlation matrix of the fit parameters:
                a      b      
a               1.000 
b              -1.000  1.000 


*******************************************************************************
Tue Feb 04 11:05:15 2020


FIT:    data read from "data6.dat" using 1:2
        format = x:z
        x range restricted to [300.000 : 370.000]
        #datapoints = 13
        residuals are weighted equally (unit weight)

function used for fitting: f(x)
	f(x) = a * exp(b*x)
fitted parameters initialized with current variable values

iter      chisq       delta/lim  lambda   a             b            
   0 1.6441379859e+04   0.00e+00  7.32e-01    1.000000e+00   1.000000e-04
1241 2.2746373347e+01   0.00e+00  7.32e-01    3.036932e-05   3.991294e-02

The fit was stopped by the user after 1241 iterations.
final sum of squares of residuals : 22.7464
rel. change during last iteration : 0

degrees of freedom    (FIT_NDF)                        : 11
rms of residuals      (FIT_STDFIT) = sqrt(WSSR/ndf)    : 1.438
variance of residuals (reduced chisquare) = WSSR/ndf   : 2.06785

Final set of parameters            Asymptotic Standard Error
=======================            ==========================
a               = 3.03693e-05      +/- 1.05e-05     (34.57%)
b               = 0.0399129        +/- 0.0009556    (2.394%)

correlation matrix of the fit parameters:
                a      b      
a               1.000 
b              -0.999  1.000 


*******************************************************************************
Tue Feb 04 11:05:55 2020


FIT:    data read from "data6.dat" using 1:2
        format = x:z
        x range restricted to [300.000 : 370.000]
        #datapoints = 13
        residuals are weighted equally (unit weight)

function used for fitting: f(x)
	f(x) = a * exp(b*x)
fitted parameters initialized with current variable values

iter      chisq       delta/lim  lambda   a             b            
   0 3.4189895270e+03   0.00e+00  7.84e+01    1.000000e+00   1.000000e-02
 138 1.9753481066e+01  -1.65e-03  7.84e-04    2.009644e-05   4.106364e-02

After 138 iterations the fit converged.
final sum of squares of residuals : 19.7535
rel. change during last iteration : -1.65116e-08

degrees of freedom    (FIT_NDF)                        : 11
rms of residuals      (FIT_STDFIT) = sqrt(WSSR/ndf)    : 1.34006
variance of residuals (reduced chisquare) = WSSR/ndf   : 1.79577

Final set of parameters            Asymptotic Standard Error
=======================            ==========================
a               = 2.00964e-05      +/- 6.615e-06    (32.92%)
b               = 0.0410636        +/- 0.000909     (2.214%)

correlation matrix of the fit parameters:
                a      b      
a               1.000 
b              -1.000  1.000 


*******************************************************************************
Tue Feb 04 11:23:24 2020


FIT:    data read from "data7.dat" using 1:2
        format = x:z
        x range restricted to [-1.00000 : 12.0000]
        #datapoints = 10
        residuals are weighted equally (unit weight)

function used for fitting: f(x)
	f(x) = a*x**2 - b*x + c
fitted parameters initialized with current variable values

iter      chisq       delta/lim  lambda   a             b             c            
   0 6.9326575800e+04   0.00e+00  4.05e+00    1.000000e-02   1.000000e-02   7.000000e+00
   6 5.6661167879e+01  -1.14e-05  4.05e-06    1.990682e+00   3.094833e+00   9.630333e+00

After 6 iterations the fit converged.
final sum of squares of residuals : 56.6612
rel. change during last iteration : -1.13969e-10

degrees of freedom    (FIT_NDF)                        : 7
rms of residuals      (FIT_STDFIT) = sqrt(WSSR/ndf)    : 2.84508
variance of residuals (reduced chisquare) = WSSR/ndf   : 8.09445

Final set of parameters            Asymptotic Standard Error
=======================            ==========================
a               = 1.99068          +/- 0.1238       (6.22%)
b               = 3.09483          +/- 1.398        (45.16%)
c               = 9.63033          +/- 3.346        (34.75%)

correlation matrix of the fit parameters:
                a      b      c      
a               1.000 
b               0.975  1.000 
c               0.814  0.909  1.000 


*******************************************************************************
Tue Feb 04 11:24:01 2020


FIT:    data read from "data7.dat" using 1:2
        format = x:z
        x range restricted to [-1.00000 : 12.0000]
        #datapoints = 10
        residuals are weighted equally (unit weight)

function used for fitting: f(x)
	f(x) = a*x**2 - b*x + c
fitted parameters initialized with current variable values

iter      chisq       delta/lim  lambda   a             b             c            
   0 6.9326575800e+04   0.00e+00  4.05e+00    1.000000e-02   1.000000e-02   7.000000e+00
   6 5.6661167879e+01  -1.14e-05  4.05e-06    1.990682e+00   3.094833e+00   9.630333e+00

After 6 iterations the fit converged.
final sum of squares of residuals : 56.6612
rel. change during last iteration : -1.13969e-10

degrees of freedom    (FIT_NDF)                        : 7
rms of residuals      (FIT_STDFIT) = sqrt(WSSR/ndf)    : 2.84508
variance of residuals (reduced chisquare) = WSSR/ndf   : 8.09445

Final set of parameters            Asymptotic Standard Error
=======================            ==========================
a               = 1.99068          +/- 0.1238       (6.22%)
b               = 3.09483          +/- 1.398        (45.16%)
c               = 9.63033          +/- 3.346        (34.75%)

correlation matrix of the fit parameters:
                a      b      c      
a               1.000 
b               0.975  1.000 
c               0.814  0.909  1.000 


*******************************************************************************
Tue Feb 04 11:25:12 2020


FIT:    data read from "data7.dat" using 1:2
        format = x:z
        x range restricted to [-1.00000 : 12.0000]
        #datapoints = 10
        residuals are weighted equally (unit weight)

function used for fitting: f(x)
	f(x) = a*x**2 - b*x + c
fitted parameters initialized with current variable values

iter      chisq       delta/lim  lambda   a             b             c            
   0 6.9326575800e+04   0.00e+00  4.05e+00    1.000000e-02   1.000000e-02   7.000000e+00
   6 5.6661167879e+01  -1.14e-05  4.05e-06    1.990682e+00   3.094833e+00   9.630333e+00

After 6 iterations the fit converged.
final sum of squares of residuals : 56.6612
rel. change during last iteration : -1.13969e-10

degrees of freedom    (FIT_NDF)                        : 7
rms of residuals      (FIT_STDFIT) = sqrt(WSSR/ndf)    : 2.84508
variance of residuals (reduced chisquare) = WSSR/ndf   : 8.09445

Final set of parameters            Asymptotic Standard Error
=======================            ==========================
a               = 1.99068          +/- 0.1238       (6.22%)
b               = 3.09483          +/- 1.398        (45.16%)
c               = 9.63033          +/- 3.346        (34.75%)

correlation matrix of the fit parameters:
                a      b      c      
a               1.000 
b               0.975  1.000 
c               0.814  0.909  1.000 


*******************************************************************************
Tue Feb 04 11:25:12 2020


FIT:    data read from "data7.dat" using 1:3
        format = x:z
        x range restricted to [-1.00000 : 12.0000]
        #datapoints = 10
        residuals are weighted equally (unit weight)

function used for fitting: f(x)
	f(x) = a*x**2 - b*x + c
fitted parameters initialized with current variable values

iter      chisq       delta/lim  lambda   d             e            
   0 2.6643957450e+04   0.00e+00  0.00e+00    1.000000e-02   1.000000e-02
BREAK: Singular matrix in Givens()

*******************************************************************************
Tue Feb 04 11:25:26 2020


FIT:    data read from "data7.dat" using 1:2
        format = x:z
        x range restricted to [-1.00000 : 12.0000]
        #datapoints = 10
        residuals are weighted equally (unit weight)

function used for fitting: f(x)
	f(x) = a*x**2 - b*x + c
fitted parameters initialized with current variable values

iter      chisq       delta/lim  lambda   a             b             c            
   0 6.9326575800e+04   0.00e+00  4.05e+00    1.000000e-02   1.000000e-02   7.000000e+00
   6 5.6661167879e+01  -1.14e-05  4.05e-06    1.990682e+00   3.094833e+00   9.630333e+00

After 6 iterations the fit converged.
final sum of squares of residuals : 56.6612
rel. change during last iteration : -1.13969e-10

degrees of freedom    (FIT_NDF)                        : 7
rms of residuals      (FIT_STDFIT) = sqrt(WSSR/ndf)    : 2.84508
variance of residuals (reduced chisquare) = WSSR/ndf   : 8.09445

Final set of parameters            Asymptotic Standard Error
=======================            ==========================
a               = 1.99068          +/- 0.1238       (6.22%)
b               = 3.09483          +/- 1.398        (45.16%)
c               = 9.63033          +/- 3.346        (34.75%)

correlation matrix of the fit parameters:
                a      b      c      
a               1.000 
b               0.975  1.000 
c               0.814  0.909  1.000 


*******************************************************************************
Tue Feb 04 11:25:27 2020


FIT:    data read from "data7.dat" using 1:3
        format = x:z
        x range restricted to [-1.00000 : 12.0000]
        #datapoints = 10
        residuals are weighted equally (unit weight)

function used for fitting: g(x)
	g(x) = d*x + e
fitted parameters initialized with current variable values

iter      chisq       delta/lim  lambda   d             e            
   0 1.9330442600e+04   0.00e+00  4.44e-02    1.000000e-02   1.000000e-02
   4 5.9097580606e+01  -5.56e-03  4.44e-06    4.394485e+00   1.794933e+01

After 4 iterations the fit converged.
final sum of squares of residuals : 59.0976
rel. change during last iteration : -5.56197e-08

degrees of freedom    (FIT_NDF)                        : 8
rms of residuals      (FIT_STDFIT) = sqrt(WSSR/ndf)    : 2.71794
variance of residuals (reduced chisquare) = WSSR/ndf   : 7.3872

Final set of parameters            Asymptotic Standard Error
=======================            ==========================
d               = 4.39448          +/- 0.2992       (6.809%)
e               = 17.9493          +/- 1.857        (10.34%)

correlation matrix of the fit parameters:
                d      e      
d               1.000 
e              -0.886  1.000 


*******************************************************************************
Tue Feb 04 11:25:53 2020


FIT:    data read from "data7.dat" using 1:2
        format = x:z
        x range restricted to [-1.00000 : 12.0000]
        #datapoints = 10
        residuals are weighted equally (unit weight)

function used for fitting: f(x)
	f(x) = a*x**2 - b*x + c
fitted parameters initialized with current variable values

iter      chisq       delta/lim  lambda   a             b             c            
   0 6.9326575800e+04   0.00e+00  4.05e+00    1.000000e-02   1.000000e-02   7.000000e+00
   6 5.6661167879e+01  -1.14e-05  4.05e-06    1.990682e+00   3.094833e+00   9.630333e+00

After 6 iterations the fit converged.
final sum of squares of residuals : 56.6612
rel. change during last iteration : -1.13969e-10

degrees of freedom    (FIT_NDF)                        : 7
rms of residuals      (FIT_STDFIT) = sqrt(WSSR/ndf)    : 2.84508
variance of residuals (reduced chisquare) = WSSR/ndf   : 8.09445

Final set of parameters            Asymptotic Standard Error
=======================            ==========================
a               = 1.99068          +/- 0.1238       (6.22%)
b               = 3.09483          +/- 1.398        (45.16%)
c               = 9.63033          +/- 3.346        (34.75%)

correlation matrix of the fit parameters:
                a      b      c      
a               1.000 
b               0.975  1.000 
c               0.814  0.909  1.000 


*******************************************************************************
Tue Feb 04 11:25:53 2020


FIT:    data read from "data7.dat" using 1:3
        format = x:z
        x range restricted to [-1.00000 : 12.0000]
        #datapoints = 10
        residuals are weighted equally (unit weight)

function used for fitting: g(x)
	g(x) = d*x + e
fitted parameters initialized with current variable values

iter      chisq       delta/lim  lambda   d             e            
   0 1.9330442600e+04   0.00e+00  4.44e-02    1.000000e-02   1.000000e-02
   4 5.9097580606e+01  -5.56e-03  4.44e-06    4.394485e+00   1.794933e+01

After 4 iterations the fit converged.
final sum of squares of residuals : 59.0976
rel. change during last iteration : -5.56197e-08

degrees of freedom    (FIT_NDF)                        : 8
rms of residuals      (FIT_STDFIT) = sqrt(WSSR/ndf)    : 2.71794
variance of residuals (reduced chisquare) = WSSR/ndf   : 7.3872

Final set of parameters            Asymptotic Standard Error
=======================            ==========================
d               = 4.39448          +/- 0.2992       (6.809%)
e               = 17.9493          +/- 1.857        (10.34%)

correlation matrix of the fit parameters:
                d      e      
d               1.000 
e              -0.886  1.000 


*******************************************************************************
Tue Feb 04 11:26:20 2020


FIT:    data read from "data7.dat" using 1:2
        format = x:z
        x range restricted to [-1.00000 : 12.0000]
        #datapoints = 10
        residuals are weighted equally (unit weight)

function used for fitting: f(x)
	f(x) = a*x**2 - b*x + c
fitted parameters initialized with current variable values

iter      chisq       delta/lim  lambda   a             b             c            
   0 7.8471592800e+04   0.00e+00  2.93e-01    1.000000e-02   1.000000e-02   1.000000e-02
   5 5.6661167879e+01  -2.64e-03  2.93e-06    1.990682e+00   3.094833e+00   9.630333e+00

After 5 iterations the fit converged.
final sum of squares of residuals : 56.6612
rel. change during last iteration : -2.63666e-08

degrees of freedom    (FIT_NDF)                        : 7
rms of residuals      (FIT_STDFIT) = sqrt(WSSR/ndf)    : 2.84508
variance of residuals (reduced chisquare) = WSSR/ndf   : 8.09445

Final set of parameters            Asymptotic Standard Error
=======================            ==========================
a               = 1.99068          +/- 0.1238       (6.22%)
b               = 3.09483          +/- 1.398        (45.16%)
c               = 9.63033          +/- 3.346        (34.75%)

correlation matrix of the fit parameters:
                a      b      c      
a               1.000 
b               0.975  1.000 
c               0.814  0.909  1.000 


*******************************************************************************
Tue Feb 04 11:26:20 2020


FIT:    data read from "data7.dat" using 1:3
        format = x:z
        x range restricted to [-1.00000 : 12.0000]
        #datapoints = 10
        residuals are weighted equally (unit weight)

function used for fitting: g(x)
	g(x) = d*x + e
fitted parameters initialized with current variable values

iter      chisq       delta/lim  lambda   d             e            
   0 1.9330442600e+04   0.00e+00  4.44e-02    1.000000e-02   1.000000e-02
   4 5.9097580606e+01  -5.56e-03  4.44e-06    4.394485e+00   1.794933e+01

After 4 iterations the fit converged.
final sum of squares of residuals : 59.0976
rel. change during last iteration : -5.56197e-08

degrees of freedom    (FIT_NDF)                        : 8
rms of residuals      (FIT_STDFIT) = sqrt(WSSR/ndf)    : 2.71794
variance of residuals (reduced chisquare) = WSSR/ndf   : 7.3872

Final set of parameters            Asymptotic Standard Error
=======================            ==========================
d               = 4.39448          +/- 0.2992       (6.809%)
e               = 17.9493          +/- 1.857        (10.34%)

correlation matrix of the fit parameters:
                d      e      
d               1.000 
e              -0.886  1.000 
